<?xml version="1.0" encoding="UTF-8"?>
<!-- Generated by org.testng.reporters.JUnitXMLReporter -->
<testsuite hostname="DESKTOP-QQOGVP7" ignored="0" name="OpenEMR Test" tests="1" failures="0" timestamp="2022-04-20T21:53:07 IST" time="0.056" errors="0">
  <testcase name="@BeforeMethod setup" time="-1.650471787528E9" classname="com.harman.base.WebDriverWrapper">
    <failure type="org.testng.TestNGException" message="
Parameter &amp;apos;browsers&amp;apos; is required by BeforeMethod on method setup but has not been marked @Optional or defined
in D:\CORE JAVA\workspace\OpenEMR\testng.xml">
      <![CDATA[org.testng.TestNGException: 
Parameter 'browsers' is required by BeforeMethod on method setup but has not been marked @Optional or defined
in D:\CORE JAVA\workspace\OpenEMR\testng.xml
at java.util.ArrayList.forEach(ArrayList.java:1259)
... Removed 28 stack frames]]>
    </failure>
  </testcase> <!-- @BeforeMethod setup -->
  <testcase name="@AfterMethod teardown" time="0.0" classname="com.harman.base.WebDriverWrapper">
    <skipped/>
  </testcase> <!-- @AfterMethod teardown -->
  <testcase name="validateTitleTest" time="0.0" classname="com.harman.test.LoginUITest">
    <skipped/>
  </testcase> <!-- validateTitleTest -->
</testsuite> <!-- OpenEMR Test -->
